<?xml version="1.0" encoding="UTF-8"?>
<!-- Generated by org.testng.reporters.JUnitXMLReporter -->
<testsuite ignored="0" hostname="QA-Saurabh" failures="0" tests="4" name="Default test" time="87.878" errors="0" timestamp="2024-02-07T11:12:14 IST">
  <testcase classname="mainclass.MainClass" name="login" time="17.901"/>
  <testcase classname="mainclass.MainClass" name="test002LoginInvalidCredentials" time="6.514"/>
  <testcase classname="mainclass.MainClass" name="test003ForgotPassword" time="19.161"/>
  <testcase classname="mainclass.MainClass" name="test004Contactus" time="38.946"/>
</testsuite> <!-- Default test -->
