<?xml version="1.0" encoding="UTF-8"?>
<testng-results ignored="0" total="4" passed="4" failed="0" skipped="0">
  <reporter-output>
  </reporter-output>
  <suite started-at="2024-02-07T11:10:46 IST" name="Default suite" finished-at="2024-02-07T11:12:14 IST" duration-ms="87878">
    <groups>
    </groups>
    <test started-at="2024-02-07T11:10:46 IST" name="Default test" finished-at="2024-02-07T11:12:14 IST" duration-ms="87878">
      <class name="mainclass.MainClass">
        <test-method is-config="true" signature="openchrome()[pri:0, instance:mainclass.MainClass@3de8f619]" started-at="2024-02-07T11:10:46 IST" name="openchrome" finished-at="2024-02-07T11:10:51 IST" duration-ms="5301" status="PASS">
          <reporter-output>
          </reporter-output>
        </test-method> <!-- openchrome -->
        <test-method signature="login()[pri:1, instance:mainclass.MainClass@3de8f619]" started-at="2024-02-07T11:10:51 IST" name="login" finished-at="2024-02-07T11:11:09 IST" duration-ms="17901" status="PASS">
          <reporter-output>
          </reporter-output>
        </test-method> <!-- login -->
        <test-method signature="test002LoginInvalidCredentials()[pri:2, instance:mainclass.MainClass@3de8f619]" started-at="2024-02-07T11:11:09 IST" name="test002LoginInvalidCredentials" finished-at="2024-02-07T11:11:16 IST" duration-ms="6514" status="PASS">
          <reporter-output>
          </reporter-output>
        </test-method> <!-- test002LoginInvalidCredentials -->
        <test-method signature="test003ForgotPassword()[pri:3, instance:mainclass.MainClass@3de8f619]" started-at="2024-02-07T11:11:16 IST" name="test003ForgotPassword" finished-at="2024-02-07T11:11:35 IST" duration-ms="19161" status="PASS">
          <reporter-output>
          </reporter-output>
        </test-method> <!-- test003ForgotPassword -->
        <test-method signature="test004Contactus()[pri:4, instance:mainclass.MainClass@3de8f619]" started-at="2024-02-07T11:11:35 IST" name="test004Contactus" finished-at="2024-02-07T11:12:14 IST" duration-ms="38946" status="PASS">
          <reporter-output>
          </reporter-output>
        </test-method> <!-- test004Contactus -->
        <test-method is-config="true" signature="closebrowser()[pri:0, instance:mainclass.MainClass@3de8f619]" started-at="2024-02-07T11:12:14 IST" name="closebrowser" finished-at="2024-02-07T11:12:14 IST" duration-ms="1" status="PASS">
          <reporter-output>
          </reporter-output>
        </test-method> <!-- closebrowser -->
      </class> <!-- mainclass.MainClass -->
    </test> <!-- Default test -->
  </suite> <!-- Default suite -->
</testng-results>
